Using pre-set license
Built from '2020.3/staging' branch; Version is '2020.3.0f1 (c7b5465681fb) revision 13088070'; Using compiler version '192528614'; Build Type 'Release'
OS: 'Windows 10 Pro; OS build 19044.1889; Version 2009; 64bit' Language: 'en' Physical Memory: 8083 MB
BatchMode: 1, IsHumanControllingUs: 0, StartBugReporterOnCrash: 0, Is64bit: 1, IsPro: 0

 COMMAND LINE ARGUMENTS:
C:\Program Files\Unity\Hub\Editor\2020.3.0f1\Editor\Unity.exe
-adb2
-batchMode
-noUpm
-name
AssetImportWorker0
-projectPath
D:/_Alexyz/Projects/Unity Projects/GameProject
-logFile
Logs/AssetImportWorker0.log
-srvPort
53630
Successfully changed project path to: D:/_Alexyz/Projects/Unity Projects/GameProject
D:/_Alexyz/Projects/Unity Projects/GameProject
Using Asset Import Pipeline V2.
Refreshing native plugins compatible for Editor in 49.32 ms, found 0 plugins.
Preloading 0 native plugins for Editor in 0.00 ms.
Initialize engine version: 2020.3.0f1 (c7b5465681fb)
[Subsystems] Discovering subsystems at path C:/Program Files/Unity/Hub/Editor/2020.3.0f1/Editor/Data/Resources/UnitySubsystems
[Subsystems] Discovering subsystems at path D:/_Alexyz/Projects/Unity Projects/GameProject/Assets
GfxDevice: creating device client; threaded=0
Direct3D:
    Version:  Direct3D 11.0 [level 11.1]
    Renderer: Intel(R) UHD Graphics 620 (ID=0x5917)
    Vendor:   
    VRAM:     4041 MB
    Driver:   30.0.101.1340
Shader 'Universal Render Pipeline/Particles/Lit': fallback shader 'Universal Render Pipeline/Particles/SimpleLit' not found
Initialize mono
Mono path[0] = 'C:/Program Files/Unity/Hub/Editor/2020.3.0f1/Editor/Data/Managed'
Mono path[1] = 'C:/Program Files/Unity/Hub/Editor/2020.3.0f1/Editor/Data/MonoBleedingEdge/lib/mono/unityjit'
Mono config path = 'C:/Program Files/Unity/Hub/Editor/2020.3.0f1/Editor/Data/MonoBleedingEdge/etc'
Using monoOptions --debugger-agent=transport=dt_socket,embedding=1,server=y,suspend=n,address=127.0.0.1:56684
Begin MonoManager ReloadAssembly
Registering precompiled unity dll's ...
Register platform support module: C:/Program Files/Unity/Hub/Editor/2020.3.0f1/Editor/Data/PlaybackEngines/WindowsStandaloneSupport/UnityEditor.WindowsStandalone.Extensions.dll
Registered in 0.004087 seconds.
Native extension for WindowsStandalone target not found
Refreshing native plugins compatible for Editor in 40.49 ms, found 0 plugins.
Preloading 0 native plugins for Editor in 0.00 ms.
Invoked RoslynAnalysisRunner static constructor.
RoslynAnalysisRunner will not be running.
RoslynAnalysisRunner has terminated.
Mono: successfully reloaded assembly
- Completed reload, in  4.575 seconds
Platform modules already initialized, skipping
Registering precompiled user dll's ...
Registered in 0.003018 seconds.
Begin MonoManager ReloadAssembly
Native extension for WindowsStandalone target not found
Refreshing native plugins compatible for Editor in 52.40 ms, found 0 plugins.
Preloading 0 native plugins for Editor in 0.00 ms.
Invoked RoslynAnalysisRunner static constructor.
RoslynAnalysisRunner will not be running.
RoslynAnalysisRunner has terminated.
Mono: successfully reloaded assembly
- Completed reload, in  0.994 seconds
Platform modules already initialized, skipping
========================================================================
Worker process is ready to serve import requests
Shader 'Universal Render Pipeline/Particles/Lit': fallback shader 'Universal Render Pipeline/Particles/SimpleLit' not found
Launched and connected shader compiler UnityShaderCompiler.exe after 0.06 seconds
Refreshing native plugins compatible for Editor in 1.04 ms, found 0 plugins.
Preloading 0 native plugins for Editor in 0.00 ms.
Unloading 2534 Unused Serialized files (Serialized files now loaded: 0)
System memory in use before: 117.7 MB.
System memory in use after: 117.9 MB.

Unloading 10 unused Assets to reduce memory usage. Loaded Objects now: 2979.
Total: 3.965100 ms (FindLiveObjects: 0.711300 ms CreateObjectMapping: 0.276800 ms MarkObjects: 2.863900 ms  DeleteObjects: 0.110500 ms)

========================================================================
Received Import Request.
  path: Assets/_Scripts/Battle/Canvas/BattleCanvasSideDescription.cs
  artifactKey: Guid(de7e27329fe941b438a4a4353de84d54) Importer(815301076,1909f56bfc062723c751e8b465ee728b)
Start importing Assets/_Scripts/Battle/Canvas/BattleCanvasSideDescription.cs using Guid(de7e27329fe941b438a4a4353de84d54) Importer(815301076,1909f56bfc062723c751e8b465ee728b)  -> (artifact id: '3f59ee54221a0c28cd8334cce1ed6a6d') in 0.072585 seconds
  Import took 0.086379 seconds .

========================================================================
Received Import Request.
  Time since last request: 0.072778 seconds.
  path: Assets/_Scripts/Battle/State/BattleStateMainMenu.cs
  artifactKey: Guid(4a78820a68d14d544903d99eafa859b0) Importer(815301076,1909f56bfc062723c751e8b465ee728b)
Start importing Assets/_Scripts/Battle/State/BattleStateMainMenu.cs using Guid(4a78820a68d14d544903d99eafa859b0) Importer(815301076,1909f56bfc062723c751e8b465ee728b)  -> (artifact id: '4dccaa50e11ca0da1efed759fc61939a') in 0.001514 seconds
  Import took 0.007512 seconds .

========================================================================
Received Import Request.
  Time since last request: 0.093549 seconds.
  path: Assets/_Scripts/Battle/State/BattleStateFightMenu.cs
  artifactKey: Guid(e2f5331895bf2bb468f8d6e0977afb45) Importer(815301076,1909f56bfc062723c751e8b465ee728b)
Start importing Assets/_Scripts/Battle/State/BattleStateFightMenu.cs using Guid(e2f5331895bf2bb468f8d6e0977afb45) Importer(815301076,1909f56bfc062723c751e8b465ee728b)  -> (artifact id: 'dbcbfd69752203705d9881627d5de702') in 0.001919 seconds
  Import took 0.009711 seconds .

========================================================================
Received Import Request.
  Time since last request: 0.204146 seconds.
  path: Assets/_Scripts/Battle/State/BattleStateMath.cs
  artifactKey: Guid(185c765671ee5be44b0a8b3cde04d8ed) Importer(815301076,1909f56bfc062723c751e8b465ee728b)
Start importing Assets/_Scripts/Battle/State/BattleStateMath.cs using Guid(185c765671ee5be44b0a8b3cde04d8ed) Importer(815301076,1909f56bfc062723c751e8b465ee728b)  -> (artifact id: '988dc5daf0bebb4f819379b38b9af8f5') in 0.001796 seconds
  Import took 0.008665 seconds .

========================================================================
Received Import Request.
  Time since last request: 0.204843 seconds.
  path: Assets/Scenes/TitleScene.unity
  artifactKey: Guid(56eac61c43d072b489e745fecb588f80) Importer(815301076,1909f56bfc062723c751e8b465ee728b)
Start importing Assets/Scenes/TitleScene.unity using Guid(56eac61c43d072b489e745fecb588f80) Importer(815301076,1909f56bfc062723c751e8b465ee728b)  -> (artifact id: '87a22d0cae9b768aeca24fc9803dd4e3') in 0.015180 seconds
  Import took 0.021643 seconds .

========================================================================
Received Import Request.
  Time since last request: 0.015719 seconds.
  path: Assets/_Scripts/_Utility/UtilDebug.cs
  artifactKey: Guid(a5dc5ba134fe7f84ab756858dd6126ee) Importer(815301076,1909f56bfc062723c751e8b465ee728b)
Start importing Assets/_Scripts/_Utility/UtilDebug.cs using Guid(a5dc5ba134fe7f84ab756858dd6126ee) Importer(815301076,1909f56bfc062723c751e8b465ee728b)  -> (artifact id: '8d8b3c6ca3710145a26767f2a964e669') in 0.002063 seconds
  Import took 0.006771 seconds .

========================================================================
Received Import Request.
  Time since last request: 0.036411 seconds.
  path: Assets/_Scripts/Battle/State/BattleStateFightTarget.cs
  artifactKey: Guid(2b1fde3d1b1554d48920963308b2ea52) Importer(815301076,1909f56bfc062723c751e8b465ee728b)
Start importing Assets/_Scripts/Battle/State/BattleStateFightTarget.cs using Guid(2b1fde3d1b1554d48920963308b2ea52) Importer(815301076,1909f56bfc062723c751e8b465ee728b)  -> (artifact id: 'd3af434b0aba5b7393e53f1ca7224f95') in 0.001508 seconds
  Import took 0.006618 seconds .

========================================================================
Received Import Request.
  Time since last request: 0.054353 seconds.
  path: Assets/_Scripts/Battle/Unit/BattleUnitEnemy.cs
  artifactKey: Guid(c338ec255acb6dd4493b93b556813938) Importer(815301076,1909f56bfc062723c751e8b465ee728b)
Start importing Assets/_Scripts/Battle/Unit/BattleUnitEnemy.cs using Guid(c338ec255acb6dd4493b93b556813938) Importer(815301076,1909f56bfc062723c751e8b465ee728b)  -> (artifact id: '4a91868097000b422f137b133539f24e') in 0.002173 seconds
  Import took 0.009122 seconds .

========================================================================
Received Import Request.
  Time since last request: 0.096197 seconds.
  path: Assets/Scenes/BattleScene.unity
  artifactKey: Guid(9fc0d4010bbf28b4594072e72b8655ab) Importer(815301076,1909f56bfc062723c751e8b465ee728b)
Start importing Assets/Scenes/BattleScene.unity using Guid(9fc0d4010bbf28b4594072e72b8655ab) Importer(815301076,1909f56bfc062723c751e8b465ee728b)  -> (artifact id: '289b83d74e744a21f297caac7c559588') in 0.002061 seconds
  Import took 0.007480 seconds .

========================================================================
Received Import Request.
  Time since last request: 0.170158 seconds.
  path: Assets/_Scripts/Title/Canvas/HistoryList/TitleCanvasHistoryList.cs
  artifactKey: Guid(46c0e2a056eae97438578a4fe09be875) Importer(815301076,1909f56bfc062723c751e8b465ee728b)
Start importing Assets/_Scripts/Title/Canvas/HistoryList/TitleCanvasHistoryList.cs using Guid(46c0e2a056eae97438578a4fe09be875) Importer(815301076,1909f56bfc062723c751e8b465ee728b)  -> (artifact id: 'e884626641a78ae8d4986aef2b5f7619') in 0.001931 seconds
  Import took 0.008497 seconds .

AssetImportWorkerClient::OnTransportError - code=2 error=End of file
